eryue/build/outputs/logs/manifest-merger-release-report.txt
-- Merging decision tree log ---
manifest
ADDED from src\main\AndroidManifest.xml:1:1-415:12
INJECTED from src\main\AndroidManifest.xml:1:1-415:12
INJECTED from src\main\AndroidManifest.xml:1:1-415:12
INJECTED from src\main\AndroidManifest.xml:1:1-415:12
MERGED from [:mylibrary] AndroidManifest.xml:2:1-10:12
MERGED from [:jdong] AndroidManifest.xml:2:1-26:12
MERGED from [:calendarview] AndroidManifest.xml:2:1-17:12
MERGED from [com.sunfusheng:marqueeview:1.2.0] AndroidManifest.xml:2:1-17:12
MERGED from [com.android.support:design:26.1.0] AndroidManifest.xml:17:1-31:12
MERGED from [com.android.support:appcompat-v7:26.1.0] AndroidManifest.xml:17:1-31:12
MERGED from [com.github.JakeWharton:ViewPagerIndicator:2.4.1] AndroidManifest.xml:2:1-11:12
MERGED from [com.android.support:transition:26.1.0] AndroidManifest.xml:17:1-28:12
MERGED from [com.android.support:support-v4:26.1.0] AndroidManifest.xml:17:1-31:12
MERGED from [cn.jzvd:jiaozivideoplayer:6.2.7] AndroidManifest.xml:2:1-13:12
MERGED from [jp.wasabeef:glide-transformations:2.0.0] AndroidManifest.xml:2:1-12:12
MERGED from [com.ali.auth.sdk:alibabauth_ui:1.4.3] AndroidManifest.xml:2:1-43:12
MERGED from [com.taobao.android:securityguardaar3:5.1.81] AndroidManifest.xml:2:1-29:12
MERGED from [com.taobao.android:securitybodyaar3:5.1.25] AndroidManifest.xml:2:1-19:12
MERGED from [com.alibaba.sdk.android:alibc_link_partner:1.1.0.6] AndroidManifest.xml:2:1-41:12
MERGED from [com.alimama.tunion.sdk:tuniontradesdk:0.3.2] AndroidManifest.xml:2:1-20:12
MERGED from [com.alibaba.sdk.android:alibc_trade_common:3.1.1.210] AndroidManifest.xml:2:1-14:12
MERGED from [com.alibaba.sdk.android:alibc_trade_biz:3.1.1.210] AndroidManifest.xml:2:1-21:12
MERGED from [com.alibaba.sdk.android:alibc_trade_sdk:3.1.1.210] AndroidManifest.xml:2:1-57:12
MERGED from [com.android.support:cardview-v7:26.1.0] AndroidManifest.xml:17:1-28:12
MERGED from [com.android.support:recyclerview-v7:26.1.0] AndroidManifest.xml:17:1-28:12
MERGED from [com.android.support:multidex:1.0.2] AndroidManifest.xml:17:1-22:12
MERGED from [com.android.support:support-fragment:26.1.0] AndroidManifest.xml:17:1-31:12
MERGED from [com.android.support:animated-vector-drawable:26.1.0] AndroidManifest.xml:17:1-28:12
MERGED from [com.android.support:support-core-ui:26.1.0] AndroidManifest.xml:17:1-31:12
MERGED from [com.android.support:support-media-compat:26.1.0] AndroidManifest.xml:17:1-31:12
MERGED from [com.android.support:support-core-utils:26.1.0] AndroidManifest.xml:17:1-31:12
MERGED from [com.android.support:support-vector-drawable:26.1.0] AndroidManifest.xml:17:1-28:12
MERGED from [com.android.support:support-compat:26.1.0] AndroidManifest.xml:17:1-31:12
MERGED from [android.arch.lifecycle:runtime:1.0.0] AndroidManifest.xml:17:1-30:12
INJECTED from src\main\AndroidManifest.xml:1:1-415:12
INJECTED from src\main\AndroidManifest.xml:1:1-415:12
INJECTED from src\main\AndroidManifest.xml:1:1-415:12
	package
		ADDED from src\main\AndroidManifest.xml:3:5-24
		INJECTED from src\main\AndroidManifest.xml
		INJECTED from src\main\AndroidManifest.xml
	android:versionName
		ADDED from src\main\AndroidManifest.xml:5:5-32
		INJECTED from src\main\AndroidManifest.xml
		INJECTED from src\main\AndroidManifest.xml
	xmlns:tools
		ADDED from src\main\AndroidManifest.xml:2:5-51
	xmlns:android
		ADDED from src\main\AndroidManifest.xml:1:11-69
	android:versionCode
		ADDED from src\main\AndroidManifest.xml:4:5-34
		INJECTED from src\main\AndroidManifest.xml
		INJECTED from src\main\AndroidManifest.xml
uses-sdk
ADDED from src\main\AndroidManifest.xml:7:5-9:40
INJECTED from src\main\AndroidManifest.xml:7:5-9:40
INJECTED from src\main\AndroidManifest.xml:7:5-9:40
MERGED from [:mylibrary] AndroidManifest.xml:6:5-8:41
MERGED from [:mylibrary] AndroidManifest.xml:6:5-8:41
MERGED from [:jdong] AndroidManifest.xml:5:5-7:41
MERGED from [:jdong] AndroidManifest.xml:5:5-7:41
MERGED from [:calendarview] AndroidManifest.xml:7:5-9:41
MERGED from [:calendarview] AndroidManifest.xml:7:5-9:41
MERGED from [com.sunfusheng:marqueeview:1.2.0] AndroidManifest.xml:7:5-9:41
MERGED from [com.sunfusheng:marqueeview:1.2.0] AndroidManifest.xml:7:5-9:41
MERGED from [com.android.support:design:26.1.0] AndroidManifest.xml:21:5-23:62
MERGED from [com.android.support:design:26.1.0] AndroidManifest.xml:21:5-23:62
MERGED from [com.android.support:appcompat-v7:26.1.0] AndroidManifest.xml:21:5-23:78
MERGED from [com.android.support:appcompat-v7:26.1.0] AndroidManifest.xml:21:5-23:78
MERGED from [com.github.JakeWharton:ViewPagerIndicator:2.4.1] AndroidManifest.xml:7:5-9:41
MERGED from [com.github.JakeWharton:ViewPagerIndicator:2.4.1] AndroidManifest.xml:7:5-9:41
MERGED from [com.android.support:transition:26.1.0] AndroidManifest.xml:20:5-44
MERGED from [com.android.support:transition:26.1.0] AndroidManifest.xml:20:5-44
MERGED from [com.android.support:support-v4:26.1.0] AndroidManifest.xml:21:5-23:54
MERGED from [com.android.support:support-v4:26.1.0] AndroidManifest.xml:21:5-23:54
MERGED from [cn.jzvd:jiaozivideoplayer:6.2.7] AndroidManifest.xml:7:5-9:41
MERGED from [cn.jzvd:jiaozivideoplayer:6.2.7] AndroidManifest.xml:7:5-9:41
MERGED from [jp.wasabeef:glide-transformations:2.0.0] AndroidManifest.xml:8:5-10:41
MERGED from [jp.wasabeef:glide-transformations:2.0.0] AndroidManifest.xml:8:5-10:41
MERGED from [com.ali.auth.sdk:alibabauth_ui:1.4.3] AndroidManifest.xml:7:5-9:41
MERGED from [com.ali.auth.sdk:alibabauth_ui:1.4.3] AndroidManifest.xml:7:5-9:41
MERGED from [com.taobao.android:securityguardaar3:5.1.81] AndroidManifest.xml:7:5-9:41
MERGED from [com.taobao.android:securityguardaar3:5.1.81] AndroidManifest.xml:7:5-9:41
MERGED from [com.taobao.android:securitybodyaar3:5.1.25] AndroidManifest.xml:7:5-9:41
MERGED from [com.taobao.android:securitybodyaar3:5.1.25] AndroidManifest.xml:7:5-9:41
MERGED from [com.alibaba.sdk.android:alibc_link_partner:1.1.0.6] AndroidManifest.xml:7:5-9:41
MERGED from [com.alibaba.sdk.android:alibc_link_partner:1.1.0.6] AndroidManifest.xml:7:5-9:41
MERGED from [com.alimama.tunion.sdk:tuniontradesdk:0.3.2] AndroidManifest.xml:7:5-9:41
MERGED from [com.alimama.tunion.sdk:tuniontradesdk:0.3.2] AndroidManifest.xml:7:5-9:41
MERGED from [com.alibaba.sdk.android:alibc_trade_common:3.1.1.210] AndroidManifest.xml:7:5-9:41
MERGED from [com.alibaba.sdk.android:alibc_trade_common:3.1.1.210] AndroidManifest.xml:7:5-9:41
MERGED from [com.alibaba.sdk.android:alibc_trade_biz:3.1.1.210] AndroidManifest.xml:8:5-10:41
MERGED from [com.alibaba.sdk.android:alibc_trade_biz:3.1.1.210] AndroidManifest.xml:8:5-10:41
MERGED from [com.alibaba.sdk.android:alibc_trade_sdk:3.1.1.210] AndroidManifest.xml:8:5-10:41
MERGED from [com.alibaba.sdk.android:alibc_trade_sdk:3.1.1.210] AndroidManifest.xml:8:5-10:41
MERGED from [com.android.support:cardview-v7:26.1.0] AndroidManifest.xml:20:5-44
MERGED from [com.android.support:cardview-v7:26.1.0] AndroidManifest.xml:20:5-44
MERGED from [com.android.support:recyclerview-v7:26.1.0] AndroidManifest.xml:20:5-44
MERGED from [com.android.support:recyclerview-v7:26.1.0] AndroidManifest.xml:20:5-44
MERGED from [com.android.support:multidex:1.0.2] AndroidManifest.xml:20:5-43
MERGED from [com.android.support:multidex:1.0.2] AndroidManifest.xml:20:5-43
MERGED from [com.android.support:support-fragment:26.1.0] AndroidManifest.xml:21:5-23:60
MERGED from [com.android.support:support-fragment:26.1.0] AndroidManifest.xml:21:5-23:60
MERGED from [com.android.support:animated-vector-drawable:26.1.0] AndroidManifest.xml:20:5-44
MERGED from [com.android.support:animated-vector-drawable:26.1.0] AndroidManifest.xml:20:5-44
MERGED from [com.android.support:support-core-ui:26.1.0] AndroidManifest.xml:21:5-23:58
MERGED from [com.android.support:support-core-ui:26.1.0] AndroidManifest.xml:21:5-23:58
MERGED from [com.android.support:support-media-compat:26.1.0] AndroidManifest.xml:21:5-23:63
MERGED from [com.android.support:support-media-compat:26.1.0] AndroidManifest.xml:21:5-23:63
MERGED from [com.android.support:support-core-utils:26.1.0] AndroidManifest.xml:21:5-23:61
MERGED from [com.android.support:support-core-utils:26.1.0] AndroidManifest.xml:21:5-23:61
MERGED from [com.android.support:support-vector-drawable:26.1.0] AndroidManifest.xml:20:5-44
MERGED from [com.android.support:support-vector-drawable:26.1.0] AndroidManifest.xml:20:5-44
MERGED from [com.android.support:support-compat:26.1.0] AndroidManifest.xml:21:5-23:58
MERGED from [com.android.support:support-compat:26.1.0] AndroidManifest.xml:21:5-23:58
MERGED from [android.arch.lifecycle:runtime:1.0.0] AndroidManifest.xml:20:5-22:41
MERGED from [android.arch.lifecycle:runtime:1.0.0] AndroidManifest.xml:20:5-22:41
INJECTED from src\main\AndroidManifest.xml:7:5-9:40
INJECTED from src\main\AndroidManifest.xml:7:5-9:40
	tools:overrideLibrary
		ADDED from [com.android.support:design:26.1.0] AndroidManifest.xml:23:9-59
	android:targetSdkVersion
		ADDED from src\main\AndroidManifest.xml:9:9-38
		INJECTED from src\main\AndroidManifest.xml
		INJECTED from src\main\AndroidManifest.xml
	android:minSdkVersion
		ADDED from src\main\AndroidManifest.xml:8:9-35
		INJECTED from src\main\AndroidManifest.xml
		INJECTED from src\main\AndroidManifest.xml
uses-permission#android.permission.READ_EXTERNAL_STORAGE
ADDED from src\main\AndroidManifest.xml:12:5-80
MERGED from [com.taobao.android:securityguardaar3:5.1.81] AndroidManifest.xml:11:5-80
MERGED from [com.taobao.android:securityguardaar3:5.1.81] AndroidManifest.xml:11:5-80
	android:name
		ADDED from src\main\AndroidManifest.xml:12:22-77
uses-permission#android.permission.GET_TASKS
ADDED from src\main\AndroidManifest.xml:13:5-68
MERGED from [com.ali.auth.sdk:alibabauth_ui:1.4.3] AndroidManifest.xml:14:5-68
MERGED from [com.ali.auth.sdk:alibabauth_ui:1.4.3] AndroidManifest.xml:14:5-68
MERGED from [com.taobao.android:securityguardaar3:5.1.81] AndroidManifest.xml:22:5-68
MERGED from [com.taobao.android:securityguardaar3:5.1.81] AndroidManifest.xml:22:5-68
	android:name
		ADDED from src\main\AndroidManifest.xml:13:22-65
uses-permission#android.permission.INTERNET
ADDED from src\main\AndroidManifest.xml:16:5-67
MERGED from [com.ali.auth.sdk:alibabauth_ui:1.4.3] AndroidManifest.xml:13:5-67
MERGED from [com.ali.auth.sdk:alibabauth_ui:1.4.3] AndroidManifest.xml:13:5-67
MERGED from [com.taobao.android:securityguardaar3:5.1.81] AndroidManifest.xml:17:5-67
MERGED from [com.taobao.android:securityguardaar3:5.1.81] AndroidManifest.xml:17:5-67
MERGED from [com.taobao.android:securitybodyaar3:5.1.25] AndroidManifest.xml:11:5-67
MERGED from [com.taobao.android:securitybodyaar3:5.1.25] AndroidManifest.xml:11:5-67
MERGED from [com.alibaba.sdk.android:alibc_link_partner:1.1.0.6] AndroidManifest.xml:11:5-67
MERGED from [com.alibaba.sdk.android:alibc_link_partner:1.1.0.6] AndroidManifest.xml:11:5-67
MERGED from [com.alimama.tunion.sdk:tuniontradesdk:0.3.2] AndroidManifest.xml:13:5-67
MERGED from [com.alimama.tunion.sdk:tuniontradesdk:0.3.2] AndroidManifest.xml:13:5-67
MERGED from [com.alibaba.sdk.android:alibc_trade_sdk:3.1.1.210] AndroidManifest.xml:13:5-67
MERGED from [com.alibaba.sdk.android:alibc_trade_sdk:3.1.1.210] AndroidManifest.xml:13:5-67
	android:name
		ADDED from src\main\AndroidManifest.xml:16:22-64
uses-permission#android.permission.READ_PHONE_STATE
ADDED from src\main\AndroidManifest.xml:17:5-75
MERGED from [com.taobao.android:securityguardaar3:5.1.81] AndroidManifest.xml:15:5-75
MERGED from [com.taobao.android:securityguardaar3:5.1.81] AndroidManifest.xml:15:5-75
MERGED from [com.alibaba.sdk.android:alibc_trade_sdk:3.1.1.210] AndroidManifest.xml:16:5-75
MERGED from [com.alibaba.sdk.android:alibc_trade_sdk:3.1.1.210] AndroidManifest.xml:16:5-75
	android:name
		ADDED from src\main\AndroidManifest.xml:17:22-72
uses-permission#android.permission.ACCESS_NETWORK_STATE
ADDED from src\main\AndroidManifest.xml:18:5-79
MERGED from [cn.jzvd:jiaozivideoplayer:6.2.7] AndroidManifest.xml:11:5-79
MERGED from [cn.jzvd:jiaozivideoplayer:6.2.7] AndroidManifest.xml:11:5-79
MERGED from [com.ali.auth.sdk:alibabauth_ui:1.4.3] AndroidManifest.xml:11:5-79
MERGED from [com.ali.auth.sdk:alibabauth_ui:1.4.3] AndroidManifest.xml:11:5-79
MERGED from [com.taobao.android:securityguardaar3:5.1.81] AndroidManifest.xml:13:5-79
MERGED from [com.taobao.android:securityguardaar3:5.1.81] AndroidManifest.xml:13:5-79
MERGED from [com.taobao.android:securitybodyaar3:5.1.25] AndroidManifest.xml:12:5-79
MERGED from [com.taobao.android:securitybodyaar3:5.1.25] AndroidManifest.xml:12:5-79
MERGED from [com.alibaba.sdk.android:alibc_link_partner:1.1.0.6] AndroidManifest.xml:12:5-79
MERGED from [com.alibaba.sdk.android:alibc_link_partner:1.1.0.6] AndroidManifest.xml:12:5-79
MERGED from [com.alibaba.sdk.android:alibc_trade_sdk:3.1.1.210] AndroidManifest.xml:14:5-79
MERGED from [com.alibaba.sdk.android:alibc_trade_sdk:3.1.1.210] AndroidManifest.xml:14:5-79
	android:name
		ADDED from src\main\AndroidManifest.xml:18:22-76
uses-permission#android.permission.RECEIVE_BOOT_COMPLETED
ADDED from src\main\AndroidManifest.xml:19:5-81
	android:name
		ADDED from src\main\AndroidManifest.xml:19:22-78
uses-permission#android.permission.REORDER_TASKS
ADDED from src\main\AndroidManifest.xml:20:5-72
	android:name
		ADDED from src\main\AndroidManifest.xml:20:22-69
uses-permission#android.permission.WRITE_SETTINGS
ADDED from src\main\AndroidManifest.xml:21:5-73
MERGED from [com.taobao.android:securityguardaar3:5.1.81] AndroidManifest.xml:16:5-73
MERGED from [com.taobao.android:securityguardaar3:5.1.81] AndroidManifest.xml:16:5-73
	android:name
		ADDED from src\main\AndroidManifest.xml:21:22-70
uses-permission#android.permission.VIBRATE
ADDED from src\main\AndroidManifest.xml:22:5-66
	android:name
		ADDED from src\main\AndroidManifest.xml:22:22-63
uses-permission#android.permission.WRITE_EXTERNAL_STORAGE
ADDED from src\main\AndroidManifest.xml:23:5-81
MERGED from [com.taobao.android:securityguardaar3:5.1.81] AndroidManifest.xml:12:5-81
MERGED from [com.taobao.android:securityguardaar3:5.1.81] AndroidManifest.xml:12:5-81
MERGED from [com.alibaba.sdk.android:alibc_link_partner:1.1.0.6] AndroidManifest.xml:14:5-81
MERGED from [com.alibaba.sdk.android:alibc_link_partner:1.1.0.6] AndroidManifest.xml:14:5-81
MERGED from [com.alibaba.sdk.android:alibc_trade_sdk:3.1.1.210] AndroidManifest.xml:17:5-81
MERGED from [com.alibaba.sdk.android:alibc_trade_sdk:3.1.1.210] AndroidManifest.xml:17:5-81
	android:name
		ADDED from src\main\AndroidManifest.xml:23:22-78
uses-permission#android.permission.ACCESS_DOWNLOAD_MANAGER
ADDED from src\main\AndroidManifest.xml:24:5-82
	android:name
		ADDED from src\main\AndroidManifest.xml:24:22-79
uses-permission#android.permission.DOWNLOAD_WITHOUT_NOTIFICATION
ADDED from src\main\AndroidManifest.xml:25:5-88
	android:name
		ADDED from src\main\AndroidManifest.xml:25:22-85
uses-permission#android.permission.DISABLE_KEYGUARD
ADDED from src\main\AndroidManifest.xml:26:5-75
	android:name
		ADDED from src\main\AndroidManifest.xml:26:22-72
uses-permission#android.permission.ACCESS_COARSE_LOCATION
ADDED from src\main\AndroidManifest.xml:29:5-81
MERGED from [com.taobao.android:securityguardaar3:5.1.81] AndroidManifest.xml:20:5-81
MERGED from [com.taobao.android:securityguardaar3:5.1.81] AndroidManifest.xml:20:5-81
	android:name
		ADDED from src\main\AndroidManifest.xml:29:22-78
uses-permission#android.permission.ACCESS_WIFI_STATE
ADDED from src\main\AndroidManifest.xml:30:5-76
MERGED from [com.ali.auth.sdk:alibabauth_ui:1.4.3] AndroidManifest.xml:12:5-76
MERGED from [com.ali.auth.sdk:alibabauth_ui:1.4.3] AndroidManifest.xml:12:5-76
MERGED from [com.taobao.android:securityguardaar3:5.1.81] AndroidManifest.xml:14:5-76
MERGED from [com.taobao.android:securityguardaar3:5.1.81] AndroidManifest.xml:14:5-76
MERGED from [com.alibaba.sdk.android:alibc_link_partner:1.1.0.6] AndroidManifest.xml:13:5-76
MERGED from [com.alibaba.sdk.android:alibc_link_partner:1.1.0.6] AndroidManifest.xml:13:5-76
MERGED from [com.alimama.tunion.sdk:tuniontradesdk:0.3.2] AndroidManifest.xml:12:5-76
MERGED from [com.alimama.tunion.sdk:tuniontradesdk:0.3.2] AndroidManifest.xml:12:5-76
MERGED from [com.alibaba.sdk.android:alibc_trade_sdk:3.1.1.210] AndroidManifest.xml:15:5-76
MERGED from [com.alibaba.sdk.android:alibc_trade_sdk:3.1.1.210] AndroidManifest.xml:15:5-76
	android:name
		ADDED from src\main\AndroidManifest.xml:30:22-73
uses-permission#baidu.push.permission.WRITE_PUSHINFOPROVIDER.com.eryue.zhuzhuxia
ADDED from src\main\AndroidManifest.xml:36:5-104
	android:name
		ADDED from src\main\AndroidManifest.xml:36:22-101
permission#baidu.push.permission.WRITE_PUSHINFOPROVIDER.com.eryue.zhuzhuxia
ADDED from src\main\AndroidManifest.xml:37:5-39:44
	android:protectionLevel
		ADDED from src\main\AndroidManifest.xml:39:9-41
	android:name
		ADDED from src\main\AndroidManifest.xml:38:9-88
uses-permission#android.permission.MOUNT_UNMOUNT_FILESYSTEMS
ADDED from src\main\AndroidManifest.xml:42:5-84
	android:name
		ADDED from src\main\AndroidManifest.xml:42:22-81
uses-permission#android.permission.MODIFY_AUDIO_SETTINGS
ADDED from src\main\AndroidManifest.xml:46:5-79
	android:name
		ADDED from src\main\AndroidManifest.xml:46:22-77
application
ADDED from src\main\AndroidManifest.xml:50:5-413:19
MERGED from [:jdong] AndroidManifest.xml:9:5-24:19
MERGED from [:jdong] AndroidManifest.xml:9:5-24:19
MERGED from [:calendarview] AndroidManifest.xml:11:5-15:19
MERGED from [:calendarview] AndroidManifest.xml:11:5-15:19
MERGED from [com.sunfusheng:marqueeview:1.2.0] AndroidManifest.xml:11:5-15:19
MERGED from [com.sunfusheng:marqueeview:1.2.0] AndroidManifest.xml:11:5-15:19
MERGED from [com.android.support:design:26.1.0] AndroidManifest.xml:25:5-29:19
MERGED from [com.android.support:design:26.1.0] AndroidManifest.xml:25:5-29:19
MERGED from [com.android.support:appcompat-v7:26.1.0] AndroidManifest.xml:25:5-29:19
MERGED from [com.android.support:appcompat-v7:26.1.0] AndroidManifest.xml:25:5-29:19
MERGED from [com.android.support:transition:26.1.0] AndroidManifest.xml:22:5-26:19
MERGED from [com.android.support:transition:26.1.0] AndroidManifest.xml:22:5-26:19
MERGED from [com.android.support:support-v4:26.1.0] AndroidManifest.xml:25:5-29:19
MERGED from [com.android.support:support-v4:26.1.0] AndroidManifest.xml:25:5-29:19
MERGED from [com.ali.auth.sdk:alibabauth_ui:1.4.3] AndroidManifest.xml:16:5-41:19
MERGED from [com.ali.auth.sdk:alibabauth_ui:1.4.3] AndroidManifest.xml:16:5-41:19
MERGED from [com.taobao.android:securityguardaar3:5.1.81] AndroidManifest.xml:24:5-27:19
MERGED from [com.taobao.android:securityguardaar3:5.1.81] AndroidManifest.xml:24:5-27:19
MERGED from [com.taobao.android:securitybodyaar3:5.1.25] AndroidManifest.xml:14:5-17:19
MERGED from [com.taobao.android:securitybodyaar3:5.1.25] AndroidManifest.xml:14:5-17:19
MERGED from [com.alibaba.sdk.android:alibc_link_partner:1.1.0.6] AndroidManifest.xml:17:5-39:19
MERGED from [com.alibaba.sdk.android:alibc_link_partner:1.1.0.6] AndroidManifest.xml:17:5-39:19
MERGED from [com.alimama.tunion.sdk:tuniontradesdk:0.3.2] AndroidManifest.xml:15:5-18:19
MERGED from [com.alimama.tunion.sdk:tuniontradesdk:0.3.2] AndroidManifest.xml:15:5-18:19
MERGED from [com.alibaba.sdk.android:alibc_trade_common:3.1.1.210] AndroidManifest.xml:11:5-12:19
MERGED from [com.alibaba.sdk.android:alibc_trade_common:3.1.1.210] AndroidManifest.xml:11:5-12:19
MERGED from [com.alibaba.sdk.android:alibc_trade_biz:3.1.1.210] AndroidManifest.xml:12:5-19:19
MERGED from [com.alibaba.sdk.android:alibc_trade_biz:3.1.1.210] AndroidManifest.xml:12:5-19:19
MERGED from [com.alibaba.sdk.android:alibc_trade_sdk:3.1.1.210] AndroidManifest.xml:19:5-55:19
MERGED from [com.alibaba.sdk.android:alibc_trade_sdk:3.1.1.210] AndroidManifest.xml:19:5-55:19
MERGED from [com.android.support:cardview-v7:26.1.0] AndroidManifest.xml:22:5-26:19
MERGED from [com.android.support:cardview-v7:26.1.0] AndroidManifest.xml:22:5-26:19
MERGED from [com.android.support:recyclerview-v7:26.1.0] AndroidManifest.xml:22:5-26:19
MERGED from [com.android.support:recyclerview-v7:26.1.0] AndroidManifest.xml:22:5-26:19
MERGED from [com.android.support:support-fragment:26.1.0] AndroidManifest.xml:25:5-29:19
MERGED from [com.android.support:support-fragment:26.1.0] AndroidManifest.xml:25:5-29:19
MERGED from [com.android.support:animated-vector-drawable:26.1.0] AndroidManifest.xml:22:5-26:19
MERGED from [com.android.support:animated-vector-drawable:26.1.0] AndroidManifest.xml:22:5-26:19
MERGED from [com.android.support:support-core-ui:26.1.0] AndroidManifest.xml:25:5-29:19
MERGED from [com.android.support:support-core-ui:26.1.0] AndroidManifest.xml:25:5-29:19
MERGED from [com.android.support:support-media-compat:26.1.0] AndroidManifest.xml:25:5-29:19
MERGED from [com.android.support:support-media-compat:26.1.0] AndroidManifest.xml:25:5-29:19
MERGED from [com.android.support:support-core-utils:26.1.0] AndroidManifest.xml:25:5-29:19
MERGED from [com.android.support:support-core-utils:26.1.0] AndroidManifest.xml:25:5-29:19
MERGED from [com.android.support:support-vector-drawable:26.1.0] AndroidManifest.xml:22:5-26:19
MERGED from [com.android.support:support-vector-drawable:26.1.0] AndroidManifest.xml:22:5-26:19
MERGED from [com.android.support:support-compat:26.1.0] AndroidManifest.xml:25:5-29:19
MERGED from [com.android.support:support-compat:26.1.0] AndroidManifest.xml:25:5-29:19
MERGED from [android.arch.lifecycle:runtime:1.0.0] AndroidManifest.xml:24:5-28:19
MERGED from [android.arch.lifecycle:runtime:1.0.0] AndroidManifest.xml:24:5-28:19
	android:supportsRtl
		ADDED from [:calendarview] AndroidManifest.xml:14:9-35
	android:label
		ADDED from src\main\AndroidManifest.xml:55:9-41
	android:icon
		ADDED from src\main\AndroidManifest.xml:54:9-45
	android:allowBackup
		ADDED from src\main\AndroidManifest.xml:52:9-35
		REJECTED from [:jdong] AndroidManifest.xml:9:18-44
		REJECTED from [:calendarview] AndroidManifest.xml:12:9-35
		REJECTED from [com.sunfusheng:marqueeview:1.2.0] AndroidManifest.xml:12:9-35
		REJECTED from [com.taobao.android:securityguardaar3:5.1.81] AndroidManifest.xml:25:9-36
		REJECTED from [com.taobao.android:securitybodyaar3:5.1.25] AndroidManifest.xml:15:9-36
	android:theme
		ADDED from src\main\AndroidManifest.xml:56:9-40
	tools:replace
		ADDED from src\main\AndroidManifest.xml:53:9-44
	android:name
		ADDED from src\main\AndroidManifest.xml:51:9-49
activity#com.eryue.activity.SplashActivity
ADDED from src\main\AndroidManifest.xml:58:9-68:20
	android:label
		ADDED from src\main\AndroidManifest.xml:62:13-45
	android:configChanges
		ADDED from src\main\AndroidManifest.xml:61:13-74
	android:theme
		ADDED from src\main\AndroidManifest.xml:60:13-54
	android:name
		ADDED from src\main\AndroidManifest.xml:59:13-61
intent-filter#android.intent.action.MAIN+android.intent.category.LAUNCHER
ADDED from src\main\AndroidManifest.xml:63:13-67:29
action#android.intent.action.MAIN
ADDED from src\main\AndroidManifest.xml:64:17-69
	android:name
		ADDED from src\main\AndroidManifest.xml:64:25-66
category#android.intent.category.LAUNCHER
ADDED from src\main\AndroidManifest.xml:66:17-77
	android:name
		ADDED from src\main\AndroidManifest.xml:66:27-74
activity#com.eryue.activity.WelcomeGuideActivity
ADDED from src\main\AndroidManifest.xml:70:9-74:51
	android:screenOrientation
		ADDED from src\main\AndroidManifest.xml:74:13-49
	android:windowSoftInputMode
		ADDED from src\main\AndroidManifest.xml:73:13-52
	android:configChanges
		ADDED from src\main\AndroidManifest.xml:72:13-74
	android:theme
		ADDED from src\main\AndroidManifest.xml:71:13-59
	android:name
		ADDED from src\main\AndroidManifest.xml:70:19-73
activity#com.eryue.activity.WelcomeActivity
ADDED from src\main\AndroidManifest.xml:76:9-80:51
	android:screenOrientation
		ADDED from src\main\AndroidManifest.xml:80:13-49
	android:windowSoftInputMode
		ADDED from src\main\AndroidManifest.xml:79:13-52
	android:configChanges
		ADDED from src\main\AndroidManifest.xml:78:13-74
	android:theme
		ADDED from src\main\AndroidManifest.xml:77:13-59
	android:name
		ADDED from src\main\AndroidManifest.xml:76:19-68
activity#com.eryue.activity.MainActivity
ADDED from src\main\AndroidManifest.xml:82:9-87:51
	android:screenOrientation
		ADDED from src\main\AndroidManifest.xml:87:13-49
	android:launchMode
		ADDED from src\main\AndroidManifest.xml:85:13-44
	android:windowSoftInputMode
		ADDED from src\main\AndroidManifest.xml:86:13-52
	android:configChanges
		ADDED from src\main\AndroidManifest.xml:84:13-74
	android:theme
		ADDED from src\main\AndroidManifest.xml:83:13-59
	android:name
		ADDED from src\main\AndroidManifest.xml:82:19-65
activity#com.eryue.activity.VideoActivity
ADDED from src\main\AndroidManifest.xml:89:9-92:52
	android:screenOrientation
		ADDED from src\main\AndroidManifest.xml:92:13-49
	android:configChanges
		ADDED from src\main\AndroidManifest.xml:91:13-74
	android:theme
		ADDED from src\main\AndroidManifest.xml:90:13-59
	android:name
		ADDED from src\main\AndroidManifest.xml:89:19-66
activity#com.eryue.goodsdetail.GoodsDetailActivityEx
ADDED from src\main\AndroidManifest.xml:93:9-97:52
	android:screenOrientation
		ADDED from src\main\AndroidManifest.xml:97:13-49
	android:hardwareAccelerated
		ADDED from src\main\AndroidManifest.xml:95:13-47
	android:configChanges
		ADDED from src\main\AndroidManifest.xml:96:13-74
	android:theme
		ADDED from src\main\AndroidManifest.xml:94:13-49
	android:name
		ADDED from src\main\AndroidManifest.xml:93:19-77
activity#com.eryue.mine.GeneratePosterActivity
ADDED from src\main\AndroidManifest.xml:99:9-101:51
	android:screenOrientation
		ADDED from src\main\AndroidManifest.xml:101:13-49
	android:configChanges
		ADDED from src\main\AndroidManifest.xml:100:13-74
	android:name
		ADDED from src\main\AndroidManifest.xml:99:19-71
activity#com.eryue.mine.RegisterActivity
ADDED from src\main\AndroidManifest.xml:103:9-105:51
	android:screenOrientation
		ADDED from src\main\AndroidManifest.xml:105:13-49
	android:configChanges
		ADDED from src\main\AndroidManifest.xml:104:13-74
	android:name
		ADDED from src\main\AndroidManifest.xml:103:19-65
activity#com.eryue.mine.AboutUsActivity
ADDED from src\main\AndroidManifest.xml:107:9-109:51
	android:screenOrientation
		ADDED from src\main\AndroidManifest.xml:109:13-49
	android:configChanges
		ADDED from src\main\AndroidManifest.xml:108:13-74
	android:name
		ADDED from src\main\AndroidManifest.xml:107:19-64
activity#com.eryue.mine.ShareAppActivity
ADDED from src\main\AndroidManifest.xml:110:9-112:51
	android:screenOrientation
		ADDED from src\main\AndroidManifest.xml:112:13-49
	android:configChanges
		ADDED from src\main\AndroidManifest.xml:111:13-74
	android:name
		ADDED from src\main\AndroidManifest.xml:110:19-65
activity#com.eryue.search.GoodsSearchActivity
ADDED from src\main\AndroidManifest.xml:114:9-116:51
	android:screenOrientation
		ADDED from src\main\AndroidManifest.xml:116:13-49
	android:theme
		ADDED from src\main\AndroidManifest.xml:115:13-49
	android:name
		ADDED from src\main\AndroidManifest.xml:114:19-70
activity#com.eryue.search.GoodsSearchListActivity
ADDED from src\main\AndroidManifest.xml:117:9-119:51
	android:screenOrientation
		ADDED from src\main\AndroidManifest.xml:119:13-49
	android:theme
		ADDED from src\main\AndroidManifest.xml:118:13-49
	android:name
		ADDED from src\main\AndroidManifest.xml:117:19-74
activity#com.eryue.mine.MyTeamActivity
ADDED from src\main\AndroidManifest.xml:121:9-122:51
	android:screenOrientation
		ADDED from src\main\AndroidManifest.xml:122:13-49
	android:name
		ADDED from src\main\AndroidManifest.xml:121:19-63
activity#com.eryue.mine.MyTeamActivity1
ADDED from src\main\AndroidManifest.xml:123:9-124:51
	android:screenOrientation
		ADDED from src\main\AndroidManifest.xml:124:13-49
	android:name
		ADDED from src\main\AndroidManifest.xml:123:19-64
activity#com.eryue.mine.SettingActivity
ADDED from src\main\AndroidManifest.xml:126:9-127:51
	android:screenOrientation
		ADDED from src\main\AndroidManifest.xml:127:13-49
	android:name
		ADDED from src\main\AndroidManifest.xml:126:19-64
activity#com.eryue.mine.AppActivatorActivity
ADDED from src\main\AndroidManifest.xml:129:9-130:51
	android:screenOrientation
		ADDED from src\main\AndroidManifest.xml:130:13-49
	android:name
		ADDED from src\main\AndroidManifest.xml:129:19-69
activity#com.eryue.mine.HeHuoRenActivity
ADDED from src\main\AndroidManifest.xml:132:9-134:51
	android:screenOrientation
		ADDED from src\main\AndroidManifest.xml:134:13-49
	android:configChanges
		ADDED from src\main\AndroidManifest.xml:133:13-74
	android:name
		ADDED from src\main\AndroidManifest.xml:132:19-65
activity#com.eryue.mine.OrderDetailActivity
ADDED from src\main\AndroidManifest.xml:136:9-138:51
	android:screenOrientation
		ADDED from src\main\AndroidManifest.xml:138:13-49
	android:configChanges
		ADDED from src\main\AndroidManifest.xml:137:13-74
	android:name
		ADDED from src\main\AndroidManifest.xml:136:19-68
activity#com.eryue.mine.OrderDetailActivity1
ADDED from src\main\AndroidManifest.xml:140:9-142:47
	android:screenOrientation
		ADDED from src\main\AndroidManifest.xml:142:9-45
	android:configChanges
		ADDED from src\main\AndroidManifest.xml:141:9-70
	android:name
		ADDED from src\main\AndroidManifest.xml:140:19-69
activity#com.eryue.mine.XieYiActivity
ADDED from src\main\AndroidManifest.xml:143:9-145:51
	android:screenOrientation
		ADDED from src\main\AndroidManifest.xml:145:13-49
	android:configChanges
		ADDED from src\main\AndroidManifest.xml:144:13-74
	android:name
		ADDED from src\main\AndroidManifest.xml:143:19-62
activity#com.eryue.mine.OrderSubmissionActivity
ADDED from src\main\AndroidManifest.xml:146:9-148:51
	android:screenOrientation
		ADDED from src\main\AndroidManifest.xml:148:13-49
	android:configChanges
		ADDED from src\main\AndroidManifest.xml:147:13-74
	android:name
		ADDED from src\main\AndroidManifest.xml:146:19-72
activity#com.eryue.mine.ProxyLearnActivity
ADDED from src\main\AndroidManifest.xml:149:9-151:51